Replace Part C21 0805 1uF (105) 10% 50V in E:\01 my_Project\08 SeverMotor\ServerMotorDesign\01 PCB\V0.2\03_H_bridge.SchDoc with 0805 1uF (105) 10% 50V from Miscellaneous Devices LC.IntLib
Replace Part C22 0805 1uF (105) 10% 50V in E:\01 my_Project\08 SeverMotor\ServerMotorDesign\01 PCB\V0.2\03_H_bridge.SchDoc with 0805 1uF (105) 10% 50V from Miscellaneous Devices LC.IntLib
Replace Part C23 0805 1uF (105) 10% 50V in E:\01 my_Project\08 SeverMotor\ServerMotorDesign\01 PCB\V0.2\03_H_bridge.SchDoc with 0805 1uF (105) 10% 50V from Miscellaneous Devices LC.IntLib
Replace Part C24 0805 22uF (226) 20% 25V in E:\01 my_Project\08 SeverMotor\ServerMotorDesign\01 PCB\V0.2\03_H_bridge.SchDoc with 0805 22uF (226) 20% 25V from Miscellaneous Devices LC.IntLib
Replace Part C30 1206 100nF (104) 10% 50V in E:\01 my_Project\08 SeverMotor\ServerMotorDesign\01 PCB\V0.2\03_H_bridge.SchDoc with 1206 100nF (104) 10% 50V from Miscellaneous Devices LC.IntLib
Replace Part C31 0603 330pF (331) 5% 50V in E:\01 my_Project\08 SeverMotor\ServerMotorDesign\01 PCB\V0.2\03_H_bridge.SchDoc with 0603 330pF (331) 5% 50V from Miscellaneous Devices LC.IntLib
Replace Part C32 0603 10pF (100) 5% 50V in E:\01 my_Project\08 SeverMotor\ServerMotorDesign\01 PCB\V0.2\03_H_bridge.SchDoc with 0603 10pF (100) 5% 50V from Miscellaneous Devices LC.IntLib
Replace Part C33 0603 10pF (100) 5% 50V in E:\01 my_Project\08 SeverMotor\ServerMotorDesign\01 PCB\V0.2\03_H_bridge.SchDoc with 0603 10pF (100) 5% 50V from Miscellaneous Devices LC.IntLib
Replace Part C34 1206 100nF (104) 10% 50V in E:\01 my_Project\08 SeverMotor\ServerMotorDesign\01 PCB\V0.2\03_H_bridge.SchDoc with 1206 100nF (104) 10% 50V from Miscellaneous Devices LC.IntLib
Replace Part C35 0603 100nF (104) 10% 50V in E:\01 my_Project\08 SeverMotor\ServerMotorDesign\01 PCB\V0.2\03_H_bridge.SchDoc with 0603 100nF (104) 10% 50V from Miscellaneous Devices LC.IntLib
Replace Part C40 1206 100nF (104) 10% 50V in E:\01 my_Project\08 SeverMotor\ServerMotorDesign\01 PCB\V0.2\03_H_bridge.SchDoc with 1206 100nF (104) 10% 50V from Miscellaneous Devices LC.IntLib
Replace Part C41 0603 330pF (331) 5% 50V in E:\01 my_Project\08 SeverMotor\ServerMotorDesign\01 PCB\V0.2\03_H_bridge.SchDoc with 0603 330pF (331) 5% 50V from Miscellaneous Devices LC.IntLib
Replace Part C42 0603 10pF (100) 5% 50V in E:\01 my_Project\08 SeverMotor\ServerMotorDesign\01 PCB\V0.2\03_H_bridge.SchDoc with 0603 10pF (100) 5% 50V from Miscellaneous Devices LC.IntLib
Replace Part C43 0603 10pF (100) 5% 50V in E:\01 my_Project\08 SeverMotor\ServerMotorDesign\01 PCB\V0.2\03_H_bridge.SchDoc with 0603 10pF (100) 5% 50V from Miscellaneous Devices LC.IntLib
Replace Part C44 1206 100nF (104) 10% 50V in E:\01 my_Project\08 SeverMotor\ServerMotorDesign\01 PCB\V0.2\03_H_bridge.SchDoc with 1206 100nF (104) 10% 50V from Miscellaneous Devices LC.IntLib
Replace Part C45 0603 100nF (104) 10% 50V in E:\01 my_Project\08 SeverMotor\ServerMotorDesign\01 PCB\V0.2\03_H_bridge.SchDoc with 0603 100nF (104) 10% 50V from Miscellaneous Devices LC.IntLib
Replace Part C50 1206 100nF (104) 10% 50V in E:\01 my_Project\08 SeverMotor\ServerMotorDesign\01 PCB\V0.2\03_H_bridge.SchDoc with 1206 100nF (104) 10% 50V from Miscellaneous Devices LC.IntLib
Replace Part C51 0603 330pF (331) 5% 50V in E:\01 my_Project\08 SeverMotor\ServerMotorDesign\01 PCB\V0.2\03_H_bridge.SchDoc with 0603 330pF (331) 5% 50V from Miscellaneous Devices LC.IntLib
Replace Part C52 0603 10pF (100) 5% 50V in E:\01 my_Project\08 SeverMotor\ServerMotorDesign\01 PCB\V0.2\03_H_bridge.SchDoc with 0603 10pF (100) 5% 50V from Miscellaneous Devices LC.IntLib
Replace Part C53 0603 10pF (100) 5% 50V in E:\01 my_Project\08 SeverMotor\ServerMotorDesign\01 PCB\V0.2\03_H_bridge.SchDoc with 0603 10pF (100) 5% 50V from Miscellaneous Devices LC.IntLib
Replace Part C54 1206 100nF (104) 10% 50V in E:\01 my_Project\08 SeverMotor\ServerMotorDesign\01 PCB\V0.2\03_H_bridge.SchDoc with 1206 100nF (104) 10% 50V from Miscellaneous Devices LC.IntLib
Replace Part C55 0603 100nF (104) 10% 50V in E:\01 my_Project\08 SeverMotor\ServerMotorDesign\01 PCB\V0.2\03_H_bridge.SchDoc with 0603 100nF (104) 10% 50V from Miscellaneous Devices LC.IntLib
Replace Part Co1 0603 1nF (102) 10% 50V in E:\01 my_Project\08 SeverMotor\ServerMotorDesign\01 PCB\V0.2\03_H_bridge.SchDoc with 0603 1nF (102) 10% 50V from Miscellaneous Devices LC.IntLib
Replace Part Co2 0603 1nF (102) 10% 50V in E:\01 my_Project\08 SeverMotor\ServerMotorDesign\01 PCB\V0.2\03_H_bridge.SchDoc with 0603 1nF (102) 10% 50V from Miscellaneous Devices LC.IntLib
Replace Part Co3 0603 1nF (102) 10% 50V in E:\01 my_Project\08 SeverMotor\ServerMotorDesign\01 PCB\V0.2\03_H_bridge.SchDoc with 0603 1nF (102) 10% 50V from Miscellaneous Devices LC.IntLib
Replace Part Co4 0603 1nF (102) 10% 50V in E:\01 my_Project\08 SeverMotor\ServerMotorDesign\01 PCB\V0.2\03_H_bridge.SchDoc with 0603 1nF (102) 10% 50V from Miscellaneous Devices LC.IntLib
Replace Part Co5 0603 1nF (102) 10% 50V in E:\01 my_Project\08 SeverMotor\ServerMotorDesign\01 PCB\V0.2\03_H_bridge.SchDoc with 0603 1nF (102) 10% 50V from Miscellaneous Devices LC.IntLib
Replace Part Co6 0603 1nF (102) 10% 50V in E:\01 my_Project\08 SeverMotor\ServerMotorDesign\01 PCB\V0.2\03_H_bridge.SchDoc with 0603 1nF (102) 10% 50V from Miscellaneous Devices LC.IntLib
Replace Part D5 SMA(DO-214AC) M7 in E:\01 my_Project\08 SeverMotor\ServerMotorDesign\01 PCB\V0.2\03_H_bridge.SchDoc with SMA(DO-214AC) M7 from Miscellaneous Devices LC.IntLib
Replace Part D6 SMA(DO-214AC) M7 in E:\01 my_Project\08 SeverMotor\ServerMotorDesign\01 PCB\V0.2\03_H_bridge.SchDoc with SMA(DO-214AC) M7 from Miscellaneous Devices LC.IntLib
Replace Part D7 SMA(DO-214AC) M7 in E:\01 my_Project\08 SeverMotor\ServerMotorDesign\01 PCB\V0.2\03_H_bridge.SchDoc with SMA(DO-214AC) M7 from Miscellaneous Devices LC.IntLib
Replace Part D8 SMA(DO-214AC) M7 in E:\01 my_Project\08 SeverMotor\ServerMotorDesign\01 PCB\V0.2\03_H_bridge.SchDoc with SMA(DO-214AC) M7 from Miscellaneous Devices LC.IntLib
Replace Part D9 SMA(DO-214AC) M7 in E:\01 my_Project\08 SeverMotor\ServerMotorDesign\01 PCB\V0.2\03_H_bridge.SchDoc with SMA(DO-214AC) M7 from Miscellaneous Devices LC.IntLib
Replace Part D10 SMA(DO-214AC) M7 in E:\01 my_Project\08 SeverMotor\ServerMotorDesign\01 PCB\V0.2\03_H_bridge.SchDoc with SMA(DO-214AC) M7 from Miscellaneous Devices LC.IntLib
Replace Part D11 0603 綻腑 in E:\01 my_Project\08 SeverMotor\ServerMotorDesign\01 PCB\V0.2\03_H_bridge.SchDoc with 0603 綻腑 from Miscellaneous Devices LC.IntLib
Replace Part R12 0603 10次 (10R0) 1% in E:\01 my_Project\08 SeverMotor\ServerMotorDesign\01 PCB\V0.2\03_H_bridge.SchDoc with 0603 10次 (10R0) 1% from Miscellaneous Devices LC.IntLib
Replace Part R13 0603 10次 (10R0) 1% in E:\01 my_Project\08 SeverMotor\ServerMotorDesign\01 PCB\V0.2\03_H_bridge.SchDoc with 0603 10次 (10R0) 1% from Miscellaneous Devices LC.IntLib
Replace Part R14 0603 10次 (10R0) 1% in E:\01 my_Project\08 SeverMotor\ServerMotorDesign\01 PCB\V0.2\03_H_bridge.SchDoc with 0603 10次 (10R0) 1% from Miscellaneous Devices LC.IntLib
Replace Part R20 0603 100次 (1000) 1% in E:\01 my_Project\08 SeverMotor\ServerMotorDesign\01 PCB\V0.2\03_H_bridge.SchDoc with 0603 100次 (1000) 1% from Miscellaneous Devices LC.IntLib
Replace Part R21 0603 100次 (1000) 1% in E:\01 my_Project\08 SeverMotor\ServerMotorDesign\01 PCB\V0.2\03_H_bridge.SchDoc with 0603 100次 (1000) 1% from Miscellaneous Devices LC.IntLib
Replace Part R22 0603 100次 (1000) 1% in E:\01 my_Project\08 SeverMotor\ServerMotorDesign\01 PCB\V0.2\03_H_bridge.SchDoc with 0603 100次 (1000) 1% from Miscellaneous Devices LC.IntLib
Replace Part R23 0603 100次 (1000) 1% in E:\01 my_Project\08 SeverMotor\ServerMotorDesign\01 PCB\V0.2\03_H_bridge.SchDoc with 0603 100次 (1000) 1% from Miscellaneous Devices LC.IntLib
Replace Part R24 0603 100次 (1000) 1% in E:\01 my_Project\08 SeverMotor\ServerMotorDesign\01 PCB\V0.2\03_H_bridge.SchDoc with 0603 100次 (1000) 1% from Miscellaneous Devices LC.IntLib
Replace Part R25 0603 100次 (1000) 1% in E:\01 my_Project\08 SeverMotor\ServerMotorDesign\01 PCB\V0.2\03_H_bridge.SchDoc with 0603 100次 (1000) 1% from Miscellaneous Devices LC.IntLib
Replace Part R26 0603 100次 (1000) 1% in E:\01 my_Project\08 SeverMotor\ServerMotorDesign\01 PCB\V0.2\03_H_bridge.SchDoc with 0603 100次 (1000) 1% from Miscellaneous Devices LC.IntLib
Replace Part R27 0603 100次 (1000) 1% in E:\01 my_Project\08 SeverMotor\ServerMotorDesign\01 PCB\V0.2\03_H_bridge.SchDoc with 0603 100次 (1000) 1% from Miscellaneous Devices LC.IntLib
Replace Part R28 0603 100次 (1000) 1% in E:\01 my_Project\08 SeverMotor\ServerMotorDesign\01 PCB\V0.2\03_H_bridge.SchDoc with 0603 100次 (1000) 1% from Miscellaneous Devices LC.IntLib
Replace Part R31 0603 100次 (1000) 1% in E:\01 my_Project\08 SeverMotor\ServerMotorDesign\01 PCB\V0.2\03_H_bridge.SchDoc with 0603 100次 (1000) 1% from Miscellaneous Devices LC.IntLib
Replace Part R32 0603 100次 (1000) 1% in E:\01 my_Project\08 SeverMotor\ServerMotorDesign\01 PCB\V0.2\03_H_bridge.SchDoc with 0603 100次 (1000) 1% from Miscellaneous Devices LC.IntLib
Replace Part R33 0603 100次 (1000) 1% in E:\01 my_Project\08 SeverMotor\ServerMotorDesign\01 PCB\V0.2\03_H_bridge.SchDoc with 0603 100次 (1000) 1% from Miscellaneous Devices LC.IntLib
Replace Part R34 0603 10次 (10R0) 1% in E:\01 my_Project\08 SeverMotor\ServerMotorDesign\01 PCB\V0.2\03_H_bridge.SchDoc with 0603 10次 (10R0) 1% from Miscellaneous Devices LC.IntLib
Replace Part R35 0603 10次 (10R0) 1% in E:\01 my_Project\08 SeverMotor\ServerMotorDesign\01 PCB\V0.2\03_H_bridge.SchDoc with 0603 10次 (10R0) 1% from Miscellaneous Devices LC.IntLib
Replace Part R36 0603 10次 (10R0) 1% in E:\01 my_Project\08 SeverMotor\ServerMotorDesign\01 PCB\V0.2\03_H_bridge.SchDoc with 0603 10次 (10R0) 1% from Miscellaneous Devices LC.IntLib
Replace Part R37 0603 10次 (10R0) 1% in E:\01 my_Project\08 SeverMotor\ServerMotorDesign\01 PCB\V0.2\03_H_bridge.SchDoc with 0603 10次 (10R0) 1% from Miscellaneous Devices LC.IntLib
Replace Part R38 0603 10次 (10R0) 1% in E:\01 my_Project\08 SeverMotor\ServerMotorDesign\01 PCB\V0.2\03_H_bridge.SchDoc with 0603 10次 (10R0) 1% from Miscellaneous Devices LC.IntLib
Replace Part R44 0603 10次 (10R0) 1% in E:\01 my_Project\08 SeverMotor\ServerMotorDesign\01 PCB\V0.2\03_H_bridge.SchDoc with 0603 10次 (10R0) 1% from Miscellaneous Devices LC.IntLib
Replace Part R45 0603 10次 (10R0) 1% in E:\01 my_Project\08 SeverMotor\ServerMotorDesign\01 PCB\V0.2\03_H_bridge.SchDoc with 0603 10次 (10R0) 1% from Miscellaneous Devices LC.IntLib
Replace Part R46 0603 10次 (10R0) 1% in E:\01 my_Project\08 SeverMotor\ServerMotorDesign\01 PCB\V0.2\03_H_bridge.SchDoc with 0603 10次 (10R0) 1% from Miscellaneous Devices LC.IntLib
Replace Part R47 0603 10次 (10R0) 1% in E:\01 my_Project\08 SeverMotor\ServerMotorDesign\01 PCB\V0.2\03_H_bridge.SchDoc with 0603 10次 (10R0) 1% from Miscellaneous Devices LC.IntLib
Replace Part R48 0603 10次 (10R0) 1% in E:\01 my_Project\08 SeverMotor\ServerMotorDesign\01 PCB\V0.2\03_H_bridge.SchDoc with 0603 10次 (10R0) 1% from Miscellaneous Devices LC.IntLib
Replace Part R54 0603 10次 (10R0) 1% in E:\01 my_Project\08 SeverMotor\ServerMotorDesign\01 PCB\V0.2\03_H_bridge.SchDoc with 0603 10次 (10R0) 1% from Miscellaneous Devices LC.IntLib
Replace Part R55 0603 10次 (10R0) 1% in E:\01 my_Project\08 SeverMotor\ServerMotorDesign\01 PCB\V0.2\03_H_bridge.SchDoc with 0603 10次 (10R0) 1% from Miscellaneous Devices LC.IntLib
Replace Part R56 0603 10次 (10R0) 1% in E:\01 my_Project\08 SeverMotor\ServerMotorDesign\01 PCB\V0.2\03_H_bridge.SchDoc with 0603 10次 (10R0) 1% from Miscellaneous Devices LC.IntLib
Replace Part R57 0603 10次 (10R0) 1% in E:\01 my_Project\08 SeverMotor\ServerMotorDesign\01 PCB\V0.2\03_H_bridge.SchDoc with 0603 10次 (10R0) 1% from Miscellaneous Devices LC.IntLib
Replace Part R58 0603 10次 (10R0) 1% in E:\01 my_Project\08 SeverMotor\ServerMotorDesign\01 PCB\V0.2\03_H_bridge.SchDoc with 0603 10次 (10R0) 1% from Miscellaneous Devices LC.IntLib
Replace Part R60 0603 2.2K次 (2201) 1% in E:\01 my_Project\08 SeverMotor\ServerMotorDesign\01 PCB\V0.2\03_H_bridge.SchDoc with 0603 2.2K次 (2201) 1% from Miscellaneous Devices LC.IntLib
Replace Part Rp4 0603*4  4.7K次 (472) 5% in E:\01 my_Project\08 SeverMotor\ServerMotorDesign\01 PCB\V0.2\03_H_bridge.SchDoc with 0603*4  4.7K次 (472) 5% from Miscellaneous Devices LC.IntLib
Replace Part Rp5 0603*4  4.7K次 (472) 5% in E:\01 my_Project\08 SeverMotor\ServerMotorDesign\01 PCB\V0.2\03_H_bridge.SchDoc with 0603*4  4.7K次 (472) 5% from Miscellaneous Devices LC.IntLib
Replace Part U10 IR2130 in E:\01 my_Project\08 SeverMotor\ServerMotorDesign\01 PCB\V0.2\03_H_bridge.SchDoc with IR2130 from KuangJing.SchLib
Replace Part U11 ADUM 1200 in E:\01 my_Project\08 SeverMotor\ServerMotorDesign\01 PCB\V0.2\03_H_bridge.SchDoc with ADUM 1200 from KuangJing.SchLib
Replace Part U12 ADUM 1200 in E:\01 my_Project\08 SeverMotor\ServerMotorDesign\01 PCB\V0.2\03_H_bridge.SchDoc with ADUM 1200 from KuangJing.SchLib
Replace Part U13 ADUM 1200 in E:\01 my_Project\08 SeverMotor\ServerMotorDesign\01 PCB\V0.2\03_H_bridge.SchDoc with ADUM 1200 from KuangJing.SchLib
Replace Part U14 ADUM 1201 in E:\01 my_Project\08 SeverMotor\ServerMotorDesign\01 PCB\V0.2\03_H_bridge.SchDoc with ADUM 1201 from KuangJing.SchLib
Replace Part U15 AMC1200 in E:\01 my_Project\08 SeverMotor\ServerMotorDesign\01 PCB\V0.2\03_H_bridge.SchDoc with AMC1200 from KuangJing.SchLib
Replace Part U16 AMC1200 in E:\01 my_Project\08 SeverMotor\ServerMotorDesign\01 PCB\V0.2\03_H_bridge.SchDoc with AMC1200 from KuangJing.SchLib
Replace Part U17 AMC1200 in E:\01 my_Project\08 SeverMotor\ServerMotorDesign\01 PCB\V0.2\03_H_bridge.SchDoc with AMC1200 from KuangJing.SchLib
