Replace Part C60 0603 10uF (106) 10% 10V in E:\01 my_Project\08 SeverMotor\ServerMotorDesign\01 PCB\V0.2\04_Hall_IncEnc.SchDoc with 0603 10uF (106) 10% 10V from Miscellaneous Devices LC.IntLib
Replace Part C61 0603 10uF (106) 10% 10V in E:\01 my_Project\08 SeverMotor\ServerMotorDesign\01 PCB\V0.2\04_Hall_IncEnc.SchDoc with 0603 10uF (106) 10% 10V from Miscellaneous Devices LC.IntLib
Replace Part C62 0603 1nF (102) 10% 50V in E:\01 my_Project\08 SeverMotor\ServerMotorDesign\01 PCB\V0.2\04_Hall_IncEnc.SchDoc with 0603 1nF (102) 10% 50V from Miscellaneous Devices LC.IntLib
Replace Part C63 0603 1nF (102) 10% 50V in E:\01 my_Project\08 SeverMotor\ServerMotorDesign\01 PCB\V0.2\04_Hall_IncEnc.SchDoc with 0603 1nF (102) 10% 50V from Miscellaneous Devices LC.IntLib
Replace Part C64 0603 1nF (102) 10% 50V in E:\01 my_Project\08 SeverMotor\ServerMotorDesign\01 PCB\V0.2\04_Hall_IncEnc.SchDoc with 0603 1nF (102) 10% 50V from Miscellaneous Devices LC.IntLib
Replace Part C65 0603 1nF (102) 10% 50V in E:\01 my_Project\08 SeverMotor\ServerMotorDesign\01 PCB\V0.2\04_Hall_IncEnc.SchDoc with 0603 1nF (102) 10% 50V from Miscellaneous Devices LC.IntLib
Replace Part C66 0603 1nF (102) 10% 50V in E:\01 my_Project\08 SeverMotor\ServerMotorDesign\01 PCB\V0.2\04_Hall_IncEnc.SchDoc with 0603 1nF (102) 10% 50V from Miscellaneous Devices LC.IntLib
Replace Part C67 0603 1nF (102) 10% 50V in E:\01 my_Project\08 SeverMotor\ServerMotorDesign\01 PCB\V0.2\04_Hall_IncEnc.SchDoc with 0603 1nF (102) 10% 50V from Miscellaneous Devices LC.IntLib
Replace Part C91 0603 1nF (102) 10% 50V in E:\01 my_Project\08 SeverMotor\ServerMotorDesign\01 PCB\V0.2\04_Hall_IncEnc.SchDoc with 0603 1nF (102) 10% 50V from Miscellaneous Devices LC.IntLib
Replace Part C92 0603 1nF (102) 10% 50V in E:\01 my_Project\08 SeverMotor\ServerMotorDesign\01 PCB\V0.2\04_Hall_IncEnc.SchDoc with 0603 1nF (102) 10% 50V from Miscellaneous Devices LC.IntLib
Replace Part C93 0603 1nF (102) 10% 50V in E:\01 my_Project\08 SeverMotor\ServerMotorDesign\01 PCB\V0.2\04_Hall_IncEnc.SchDoc with 0603 1nF (102) 10% 50V from Miscellaneous Devices LC.IntLib
Replace Part C94 0603 1nF (102) 10% 50V in E:\01 my_Project\08 SeverMotor\ServerMotorDesign\01 PCB\V0.2\04_Hall_IncEnc.SchDoc with 0603 1nF (102) 10% 50V from Miscellaneous Devices LC.IntLib
Replace Part C95 0603 1nF (102) 10% 50V in E:\01 my_Project\08 SeverMotor\ServerMotorDesign\01 PCB\V0.2\04_Hall_IncEnc.SchDoc with 0603 1nF (102) 10% 50V from Miscellaneous Devices LC.IntLib
Replace Part C96 0603 1nF (102) 10% 50V in E:\01 my_Project\08 SeverMotor\ServerMotorDesign\01 PCB\V0.2\04_Hall_IncEnc.SchDoc with 0603 1nF (102) 10% 50V from Miscellaneous Devices LC.IntLib
Replace Part C97 0603 1nF (102) 10% 50V in E:\01 my_Project\08 SeverMotor\ServerMotorDesign\01 PCB\V0.2\04_Hall_IncEnc.SchDoc with 0603 1nF (102) 10% 50V from Miscellaneous Devices LC.IntLib
Replace Part MH1 M2 hole in E:\01 my_Project\08 SeverMotor\ServerMotorDesign\01 PCB\V0.2\04_Hall_IncEnc.SchDoc with M2 hole from KuangJing.SchLib
Replace Part MH2 M2 hole in E:\01 my_Project\08 SeverMotor\ServerMotorDesign\01 PCB\V0.2\04_Hall_IncEnc.SchDoc with M2 hole from KuangJing.SchLib
Replace Part MH3 M2 hole in E:\01 my_Project\08 SeverMotor\ServerMotorDesign\01 PCB\V0.2\04_Hall_IncEnc.SchDoc with M2 hole from KuangJing.SchLib
Replace Part MH4 M2 hole in E:\01 my_Project\08 SeverMotor\ServerMotorDesign\01 PCB\V0.2\04_Hall_IncEnc.SchDoc with M2 hole from KuangJing.SchLib
Replace Part MH5 M2 hole in E:\01 my_Project\08 SeverMotor\ServerMotorDesign\01 PCB\V0.2\04_Hall_IncEnc.SchDoc with M2 hole from KuangJing.SchLib
Replace Part MH6 M2 hole in E:\01 my_Project\08 SeverMotor\ServerMotorDesign\01 PCB\V0.2\04_Hall_IncEnc.SchDoc with M2 hole from KuangJing.SchLib
Replace Part MH7 M2 hole in E:\01 my_Project\08 SeverMotor\ServerMotorDesign\01 PCB\V0.2\04_Hall_IncEnc.SchDoc with M2 hole from KuangJing.SchLib
Replace Part Rp1 0603*4  1K次 (102) 5% in E:\01 my_Project\08 SeverMotor\ServerMotorDesign\01 PCB\V0.2\04_Hall_IncEnc.SchDoc with 0603*4  1K次 (102) 5% from Miscellaneous Devices LC.IntLib
Replace Part Rp2 0603*4  1K次 (102) 5% in E:\01 my_Project\08 SeverMotor\ServerMotorDesign\01 PCB\V0.2\04_Hall_IncEnc.SchDoc with 0603*4  1K次 (102) 5% from Miscellaneous Devices LC.IntLib
Replace Part U18 TXB0106 in E:\01 my_Project\08 SeverMotor\ServerMotorDesign\01 PCB\V0.2\04_Hall_IncEnc.SchDoc with TXB0106 from KuangJing.SchLib
