Replace Part C80 0603 100nF (104) 10% 50V in E:\01 my_Project\08 SeverMotor\ServerMotorDesign\01 PCB\V0.2\06_TorqueSen.SchDoc with 0603 100nF (104) 10% 50V from Miscellaneous Devices LC.IntLib
Replace Part C81 0603 47pF (470) 5% 50V in E:\01 my_Project\08 SeverMotor\ServerMotorDesign\01 PCB\V0.2\06_TorqueSen.SchDoc with 0603 47pF (470) 5% 50V from Miscellaneous Devices LC.IntLib
Replace Part C82 0603 330pF (331) 5% 50V in E:\01 my_Project\08 SeverMotor\ServerMotorDesign\01 PCB\V0.2\06_TorqueSen.SchDoc with 0603 330pF (331) 5% 50V from Miscellaneous Devices LC.IntLib
Replace Part C83 0603 330pF (331) 5% 50V in E:\01 my_Project\08 SeverMotor\ServerMotorDesign\01 PCB\V0.2\06_TorqueSen.SchDoc with 0603 330pF (331) 5% 50V from Miscellaneous Devices LC.IntLib
Replace Part C84 0603 1nF (102) 10% 50V in E:\01 my_Project\08 SeverMotor\ServerMotorDesign\01 PCB\V0.2\06_TorqueSen.SchDoc with 0603 1nF (102) 10% 50V from Miscellaneous Devices LC.IntLib
Replace Part C85 0603 47pF (470) 5% 50V in E:\01 my_Project\08 SeverMotor\ServerMotorDesign\01 PCB\V0.2\06_TorqueSen.SchDoc with 0603 47pF (470) 5% 50V from Miscellaneous Devices LC.IntLib
Replace Part C86 0603 330pF (331) 5% 50V in E:\01 my_Project\08 SeverMotor\ServerMotorDesign\01 PCB\V0.2\06_TorqueSen.SchDoc with 0603 330pF (331) 5% 50V from Miscellaneous Devices LC.IntLib
Replace Part C87 0603 330pF (331) 5% 50V in E:\01 my_Project\08 SeverMotor\ServerMotorDesign\01 PCB\V0.2\06_TorqueSen.SchDoc with 0603 330pF (331) 5% 50V from Miscellaneous Devices LC.IntLib
Replace Part C88 0603 1nF (102) 10% 50V in E:\01 my_Project\08 SeverMotor\ServerMotorDesign\01 PCB\V0.2\06_TorqueSen.SchDoc with 0603 1nF (102) 10% 50V from Miscellaneous Devices LC.IntLib
Replace Part C140 0603 1uF (105) 10% 50V in E:\01 my_Project\08 SeverMotor\ServerMotorDesign\01 PCB\V0.2\06_TorqueSen.SchDoc with 0603 1uF (105) 10% 50V from Miscellaneous Devices LC.IntLib
Replace Part R85 0603 10K次 (1002) 1% in E:\01 my_Project\08 SeverMotor\ServerMotorDesign\01 PCB\V0.2\06_TorqueSen.SchDoc with 0603 10K次 (1002) 1% from Miscellaneous Devices LC.IntLib
Replace Part R86 0603 10K次 (1002) 1% in E:\01 my_Project\08 SeverMotor\ServerMotorDesign\01 PCB\V0.2\06_TorqueSen.SchDoc with 0603 10K次 (1002) 1% from Miscellaneous Devices LC.IntLib
Replace Part R87 0603 47次 (47R0) 1% in E:\01 my_Project\08 SeverMotor\ServerMotorDesign\01 PCB\V0.2\06_TorqueSen.SchDoc with 0603 47次 (47R0) 1% from Miscellaneous Devices LC.IntLib
Replace Part R88 0603 47K次 (4702) 1% in E:\01 my_Project\08 SeverMotor\ServerMotorDesign\01 PCB\V0.2\06_TorqueSen.SchDoc with 0603 47K次 (4702) 1% from Miscellaneous Devices LC.IntLib
Replace Part R89 0603 11K次 (1102) 1% in E:\01 my_Project\08 SeverMotor\ServerMotorDesign\01 PCB\V0.2\06_TorqueSen.SchDoc with 0603 11K次 (1102) 1% from Miscellaneous Devices LC.IntLib
Replace Part R90 0603 11K次 (1102) 1% in E:\01 my_Project\08 SeverMotor\ServerMotorDesign\01 PCB\V0.2\06_TorqueSen.SchDoc with 0603 11K次 (1102) 1% from Miscellaneous Devices LC.IntLib
Replace Part R91 0603 10K次 (1002) 1% in E:\01 my_Project\08 SeverMotor\ServerMotorDesign\01 PCB\V0.2\06_TorqueSen.SchDoc with 0603 10K次 (1002) 1% from Miscellaneous Devices LC.IntLib
Replace Part R92 0603 10K次 (1002) 1% in E:\01 my_Project\08 SeverMotor\ServerMotorDesign\01 PCB\V0.2\06_TorqueSen.SchDoc with 0603 10K次 (1002) 1% from Miscellaneous Devices LC.IntLib
Replace Part R93 0603 2K次 (2001) 1% in E:\01 my_Project\08 SeverMotor\ServerMotorDesign\01 PCB\V0.2\06_TorqueSen.SchDoc with 0603 2K次 (2001) 1% from Miscellaneous Devices LC.IntLib
Replace Part R94 0603 11K次 (1102) 1% in E:\01 my_Project\08 SeverMotor\ServerMotorDesign\01 PCB\V0.2\06_TorqueSen.SchDoc with 0603 11K次 (1102) 1% from Miscellaneous Devices LC.IntLib
Replace Part R95 0603 11K次 (1102) 1% in E:\01 my_Project\08 SeverMotor\ServerMotorDesign\01 PCB\V0.2\06_TorqueSen.SchDoc with 0603 11K次 (1102) 1% from Miscellaneous Devices LC.IntLib
Replace Part R96 0603 10K次 (1002) 1% in E:\01 my_Project\08 SeverMotor\ServerMotorDesign\01 PCB\V0.2\06_TorqueSen.SchDoc with 0603 10K次 (1002) 1% from Miscellaneous Devices LC.IntLib
Replace Part R97 0603 10K次 (1002) 1% in E:\01 my_Project\08 SeverMotor\ServerMotorDesign\01 PCB\V0.2\06_TorqueSen.SchDoc with 0603 10K次 (1002) 1% from Miscellaneous Devices LC.IntLib
Replace Part R98 0603 47K次 (4702) 1% in E:\01 my_Project\08 SeverMotor\ServerMotorDesign\01 PCB\V0.2\06_TorqueSen.SchDoc with 0603 47K次 (4702) 1% from Miscellaneous Devices LC.IntLib
Replace Part R99 0603 2K次 (2001) 1% in E:\01 my_Project\08 SeverMotor\ServerMotorDesign\01 PCB\V0.2\06_TorqueSen.SchDoc with 0603 2K次 (2001) 1% from Miscellaneous Devices LC.IntLib
Replace Part U22 TLV2772_D_8 in E:\01 my_Project\08 SeverMotor\ServerMotorDesign\01 PCB\V0.2\06_TorqueSen.SchDoc with TLV2772_D_8 from KuangJing.SchLib
Replace Part U23 TLV2772_D_8 in E:\01 my_Project\08 SeverMotor\ServerMotorDesign\01 PCB\V0.2\06_TorqueSen.SchDoc with TLV2772_D_8 from KuangJing.SchLib
Replace Part U24 PSM712-LF-T7_[C32677] in E:\01 my_Project\08 SeverMotor\ServerMotorDesign\01 PCB\V0.2\06_TorqueSen.SchDoc with PSM712-LF-T7_[C32677] from Miscellaneous Devices LC.IntLib
Replace Part U25 PSM712-LF-T7_[C32677] in E:\01 my_Project\08 SeverMotor\ServerMotorDesign\01 PCB\V0.2\06_TorqueSen.SchDoc with PSM712-LF-T7_[C32677] from Miscellaneous Devices LC.IntLib
