Removed Pin From Net: NetName=VIN Pin=Q1-2
Removed Pin From Net: NetName=VIN Pin=Q3-2
Removed Pin From Net: NetName=VIN Pin=Q5-2
Removed Pin From Net: NetName=5V Pin=U15-1
Removed Pin From Net: NetName=NetC31_2 Pin=U15-2
Removed Pin From Net: NetName=NetC31_1 Pin=U15-3
Removed Pin From Net: NetName=A_GND Pin=U15-4
Removed Pin From Net: NetName=3V3_A_GND Pin=U15-5
Removed Pin From Net: NetName=NetR37_1 Pin=U15-6
Removed Pin From Net: NetName=NetR36_1 Pin=U15-7
Removed Pin From Net: NetName=3V3_A Pin=U15-8
Removed Pin From Net: NetName=VIN Pin=Vin_I-2
Removed Pin From Net: NetName=VIN Pin=Vin_II-2
Change Component Comment : Designator=C71 Old Comment=100nF 10% 50V New Comment=4.7F 10% 50V
Added Component: Designator=FE5(0603_R)
Added Pin To Net: NetName=VIN Pin=FE5-2
Added Pin To Net: NetName=5V Pin=U15-1
Added Pin To Net: NetName=NetC31_2 Pin=U15-2
Added Pin To Net: NetName=NetC31_1 Pin=U15-3
Added Pin To Net: NetName=A_GND Pin=U15-4
Added Pin To Net: NetName=3V3_A_GND Pin=U15-5
Added Pin To Net: NetName=NetR37_1 Pin=U15-6
Added Pin To Net: NetName=NetR36_1 Pin=U15-7
Added Pin To Net: NetName=3V3_A Pin=U15-8
Added Pin To Net: NetName=VIN_P Pin=FE5-1
Added Pin To Net: NetName=VIN_P Pin=Q1-2
Added Pin To Net: NetName=VIN_P Pin=Q3-2
Added Pin To Net: NetName=VIN_P Pin=Q5-2
Added Pin To Net: NetName=VIN_P Pin=Vin_I-2
Added Pin To Net: NetName=VIN_P Pin=Vin_II-2
Added Net: Name=VIN_P
Added Member To Class: ClassName=µÁ‘¥ Member=Component FE5 
