Removed Pin From Net: NetName=5V Pin=U15-1
Removed Pin From Net: NetName=NetC31_2 Pin=U15-2
Removed Pin From Net: NetName=NetC31_1 Pin=U15-3
Removed Pin From Net: NetName=A_GND Pin=U15-4
Removed Pin From Net: NetName=3V3_A_GND Pin=U15-5
Removed Pin From Net: NetName=NetR37_1 Pin=U15-6
Removed Pin From Net: NetName=NetR36_1 Pin=U15-7
Removed Pin From Net: NetName=3V3_A Pin=U15-8
Added Component: Designator=C97(0603_C)
Added Component: Designator=MH7(M2 Hole)
Added Component: Designator=U15(SOP_4.85mm)
Added Pin To Net: NetName=A_GND Pin=C97-1
Added Pin To Net: NetName=5V Pin=U15-1
Added Pin To Net: NetName=NetC31_2 Pin=U15-2
Added Pin To Net: NetName=NetC31_1 Pin=U15-3
Added Pin To Net: NetName=A_GND Pin=U15-4
Added Pin To Net: NetName=3V3_A_GND Pin=U15-5
Added Pin To Net: NetName=NetR37_1 Pin=U15-6
Added Pin To Net: NetName=NetR36_1 Pin=U15-7
Added Pin To Net: NetName=3V3_A Pin=U15-8
Added Pin To Net: NetName=NetC97_2 Pin=C97-2
Added Pin To Net: NetName=NetC97_2 Pin=MH7-1
Added Net: Name=NetC97_2
Added Member To Class: ClassName=霍尔传感器以及增量编码器 Member=Component C97 1nF (102) 10% 50V
Added Member To Class: ClassName=霍尔传感器以及增量编码器 Member=Component MH7 M2 hole
Added Member To Class: ClassName=H桥驱动部分 Member=Component U15 AMC1200-Q1
