Removed Pin From Net: NetName=A_GND Pin=FE4-2
Removed Pin From Net: NetName=VIN Pin=FE5-1
Removed Member From Class: ClassName=µÁ‘¥ Member=FE5
Added Pin To Net: NetName=A_GND Pin=Brake-2
Added Pin To Net: NetName=A_GND Pin=Cin1-2
Added Pin To Net: NetName=A_GND Pin=Cin2-2
Added Pin To Net: NetName=A_GND Pin=Co2-1
Added Pin To Net: NetName=A_GND Pin=Co4-1
Added Pin To Net: NetName=A_GND Pin=Co6-1
Added Pin To Net: NetName=VIN Pin=FE4-1
Added Pin To Net: NetName=VIN Pin=FE4-2
Added Pin To Net: NetName=A_GND Pin=R26-1
Added Pin To Net: NetName=A_GND Pin=R27-1
Added Pin To Net: NetName=A_GND Pin=R28-1
Added Pin To Net: NetName=A_GND Pin=R31-1
Added Pin To Net: NetName=A_GND Pin=R32-1
Added Pin To Net: NetName=A_GND Pin=R33-1
Added Pin To Net: NetName=A_GND Pin=R35-1
Added Pin To Net: NetName=A_GND Pin=R45-1
Added Pin To Net: NetName=A_GND Pin=R55-1
Added Pin To Net: NetName=A_GND Pin=U10-13
Added Pin To Net: NetName=A_GND Pin=U21-2
Added Pin To Net: NetName=A_GND Pin=Vin_I-1
Added Pin To Net: NetName=A_GND Pin=Vin_II-1
