Change Physical Footprint: Designator=Abs Encoder Old Footprint=FPC Con 6pin 1mm New Footprint=FPC Con 6pin 1mm
Change Physical Footprint: Designator=C1 Old Footprint=0603_C New Footprint=0603_C
Change Physical Footprint: Designator=C2 Old Footprint=0603_C New Footprint=0603_C
Change Physical Footprint: Designator=C3 Old Footprint=0603_C New Footprint=0603_C
Change Physical Footprint: Designator=C4 Old Footprint=0603_C New Footprint=0603_C
Change Physical Footprint: Designator=C5 Old Footprint=0603_C New Footprint=0603_C
Change Physical Footprint: Designator=C6 Old Footprint=0603_C New Footprint=0603_C
Change Physical Footprint: Designator=C7 Old Footprint=0603_C New Footprint=0603_C
Change Physical Footprint: Designator=C8 Old Footprint=0603_C New Footprint=0603_C
Change Physical Footprint: Designator=C9 Old Footprint=0603_C New Footprint=0603_C
Change Physical Footprint: Designator=C10 Old Footprint=0603_C New Footprint=0603_C
Change Physical Footprint: Designator=C11 Old Footprint=0603_C New Footprint=0603_C
Change Physical Footprint: Designator=C12 Old Footprint=0603_C New Footprint=0603_C
Change Physical Footprint: Designator=C21 Old Footprint=0805_C New Footprint=0805_C
Change Physical Footprint: Designator=C22 Old Footprint=0805_C New Footprint=0805_C
Change Physical Footprint: Designator=C23 Old Footprint=0805_C New Footprint=0805_C
Change Physical Footprint: Designator=C24 Old Footprint=0805_C New Footprint=0805_C
Change Physical Footprint: Designator=C30 Old Footprint=1206_C New Footprint=1206_C
Change Physical Footprint: Designator=C31 Old Footprint=0603_C New Footprint=0603_C
Change Physical Footprint: Designator=C32 Old Footprint=0603_C New Footprint=0603_C
Change Physical Footprint: Designator=C33 Old Footprint=0603_C New Footprint=0603_C
Change Physical Footprint: Designator=C34 Old Footprint=1206_C New Footprint=1206_C
Change Physical Footprint: Designator=C35 Old Footprint=0603_C New Footprint=0603_C
Change Physical Footprint: Designator=C40 Old Footprint=1206_C New Footprint=1206_C
Change Physical Footprint: Designator=C41 Old Footprint=0603_C New Footprint=0603_C
Change Physical Footprint: Designator=C42 Old Footprint=0603_C New Footprint=0603_C
Change Physical Footprint: Designator=C43 Old Footprint=0603_C New Footprint=0603_C
Change Physical Footprint: Designator=C44 Old Footprint=1206_C New Footprint=1206_C
Change Physical Footprint: Designator=C45 Old Footprint=0603_C New Footprint=0603_C
Change Physical Footprint: Designator=C50 Old Footprint=1206_C New Footprint=1206_C
Change Physical Footprint: Designator=C51 Old Footprint=0603_C New Footprint=0603_C
Change Physical Footprint: Designator=C52 Old Footprint=0603_C New Footprint=0603_C
Change Physical Footprint: Designator=C53 Old Footprint=0603_C New Footprint=0603_C
Change Physical Footprint: Designator=C54 Old Footprint=1206_C New Footprint=1206_C
Change Physical Footprint: Designator=C55 Old Footprint=0603_C New Footprint=0603_C
Change Physical Footprint: Designator=C60 Old Footprint=0603_C New Footprint=0603_C
Change Physical Footprint: Designator=C61 Old Footprint=0603_C New Footprint=0603_C
Change Physical Footprint: Designator=C62 Old Footprint=0603_C New Footprint=0603_C
Change Physical Footprint: Designator=C63 Old Footprint=0603_C New Footprint=0603_C
Change Physical Footprint: Designator=C64 Old Footprint=0603_C New Footprint=0603_C
Change Physical Footprint: Designator=C65 Old Footprint=0603_C New Footprint=0603_C
Change Physical Footprint: Designator=C66 Old Footprint=0603_C New Footprint=0603_C
Change Physical Footprint: Designator=C67 Old Footprint=0603_C New Footprint=0603_C
Change Physical Footprint: Designator=C70 Old Footprint=Cap Tan 3015 New Footprint=Cap Tan 3015
Change Physical Footprint: Designator=C74 Old Footprint=Cap Tan 3015 New Footprint=Cap Tan 3015
Change Physical Footprint: Designator=C77 Old Footprint=Cap Tan 3015 New Footprint=Cap Tan 3015
Change Physical Footprint: Designator=C79 Old Footprint=0603_C New Footprint=0603_C
Change Physical Footprint: Designator=C80 Old Footprint=0603_C New Footprint=0603_C
Change Physical Footprint: Designator=C81 Old Footprint=0603_C New Footprint=0603_C
Change Physical Footprint: Designator=C82 Old Footprint=0603_C New Footprint=0603_C
Change Physical Footprint: Designator=C83 Old Footprint=0603_C New Footprint=0603_C
Change Physical Footprint: Designator=C84 Old Footprint=0603_C New Footprint=0603_C
Change Physical Footprint: Designator=C85 Old Footprint=0603_C New Footprint=0603_C
Change Physical Footprint: Designator=C86 Old Footprint=0603_C New Footprint=0603_C
Change Physical Footprint: Designator=C87 Old Footprint=0603_C New Footprint=0603_C
Change Physical Footprint: Designator=C88 Old Footprint=0603_C New Footprint=0603_C
Change Physical Footprint: Designator=C91 Old Footprint=0603_C New Footprint=0603_C
Change Physical Footprint: Designator=C92 Old Footprint=0603_C New Footprint=0603_C
Change Physical Footprint: Designator=C93 Old Footprint=0603_C New Footprint=0603_C
Change Physical Footprint: Designator=C94 Old Footprint=0603_C New Footprint=0603_C
Change Physical Footprint: Designator=C95 Old Footprint=0603_C New Footprint=0603_C
Change Physical Footprint: Designator=C96 Old Footprint=0603_C New Footprint=0603_C
Change Physical Footprint: Designator=C151 Old Footprint=0603_C New Footprint=0603_C
Change Physical Footprint: Designator=C152 Old Footprint=0603_C New Footprint=0603_C
Change Physical Footprint: Designator=C153 Old Footprint=0603_C New Footprint=0603_C
Change Physical Footprint: Designator=Cff Old Footprint=0603_C New Footprint=0603_C
Change Physical Footprint: Designator=Cin Old Footprint=Cap 6.3x5.4 New Footprint=Cap 6.3x5.4
Change Physical Footprint: Designator=Cin1 Old Footprint=Cap 12.5x13.5 New Footprint=Cap 12.5x13.5
Change Physical Footprint: Designator=Cin2 Old Footprint=Cap 12.5x13.5 New Footprint=Cap 12.5x13.5
Change Physical Footprint: Designator=Co1 Old Footprint=0603_C New Footprint=0603_C
Change Physical Footprint: Designator=Co2 Old Footprint=0603_C New Footprint=0603_C
Change Physical Footprint: Designator=Co3 Old Footprint=0603_C New Footprint=0603_C
Change Physical Footprint: Designator=Co4 Old Footprint=0603_C New Footprint=0603_C
Change Physical Footprint: Designator=Co5 Old Footprint=0603_C New Footprint=0603_C
Change Physical Footprint: Designator=Co6 Old Footprint=0603_C New Footprint=0603_C
Change Physical Footprint: Designator=Css Old Footprint=0603_C New Footprint=0603_C
Change Physical Footprint: Designator=D1 Old Footprint=0603_LED_S1 New Footprint=0603_LED_S1
Change Physical Footprint: Designator=D2 Old Footprint=0603_LED_S1 New Footprint=0603_LED_S1
Change Physical Footprint: Designator=D3 Old Footprint=0603_LED_S1 New Footprint=0603_LED_S1
Change Physical Footprint: Designator=D4 Old Footprint=0603*2 New Footprint=0603*2
Change Physical Footprint: Designator=D5 Old Footprint=SMA(DO-214AC)_S1 New Footprint=SMA(DO-214AC)_S1
Change Physical Footprint: Designator=D6 Old Footprint=SMA(DO-214AC)_S1 New Footprint=SMA(DO-214AC)_S1
Change Physical Footprint: Designator=D7 Old Footprint=SMA(DO-214AC)_S1 New Footprint=SMA(DO-214AC)_S1
Change Physical Footprint: Designator=D9 Old Footprint=SMA(DO-214AC)_S1 New Footprint=SMA(DO-214AC)_S1
Change Physical Footprint: Designator=D10 Old Footprint=SMA(DO-214AC)_S1 New Footprint=SMA(DO-214AC)_S1
Change Physical Footprint: Designator=FE1 Old Footprint=0603_R New Footprint=0603_R
Change Physical Footprint: Designator=FE2 Old Footprint=0603_R New Footprint=0603_R
Change Physical Footprint: Designator=FE3 Old Footprint=0603_R New Footprint=0603_R
Change Physical Footprint: Designator=FE4 Old Footprint=0603_R New Footprint=0603_R
Change Physical Footprint: Designator=L1 Old Footprint=L 5x5mm New Footprint=L 5x5mm
Change Physical Footprint: Designator=MH1 Old Footprint=M2 Hole New Footprint=M2 Hole
Change Physical Footprint: Designator=MH2 Old Footprint=M2 Hole New Footprint=M2 Hole
Change Physical Footprint: Designator=MH3 Old Footprint=M2 Hole New Footprint=M2 Hole
Change Physical Footprint: Designator=MH4 Old Footprint=M2 Hole New Footprint=M2 Hole
Change Physical Footprint: Designator=MH5 Old Footprint=M2 Hole New Footprint=M2 Hole
Change Physical Footprint: Designator=MH6 Old Footprint=M2 Hole New Footprint=M2 Hole
Change Physical Footprint: Designator=Motor Old Footprint=3P 5mm New Footprint=3P 5mm
Change Physical Footprint: Designator=Q1 Old Footprint=TO-252AA New Footprint=TO-252AA
Change Physical Footprint: Designator=Q2 Old Footprint=TO-252AA New Footprint=TO-252AA
Change Physical Footprint: Designator=Q3 Old Footprint=TO-252AA New Footprint=TO-252AA
Change Physical Footprint: Designator=Q4 Old Footprint=TO-252AA New Footprint=TO-252AA
Change Physical Footprint: Designator=Q5 Old Footprint=TO-252AA New Footprint=TO-252AA
Change Physical Footprint: Designator=Q6 Old Footprint=TO-252AA New Footprint=TO-252AA
Change Physical Footprint: Designator=Q7 Old Footprint=SOT-23(SOT-23-3) New Footprint=SOT-23(SOT-23-3)
Change Physical Footprint: Designator=R1 Old Footprint=0603_R New Footprint=0603_R
Change Physical Footprint: Designator=R2 Old Footprint=0603_R New Footprint=0603_R
Change Physical Footprint: Designator=R3 Old Footprint=0603_R New Footprint=0603_R
Change Physical Footprint: Designator=R4 Old Footprint=0603_R New Footprint=0603_R
Change Physical Footprint: Designator=R5 Old Footprint=0603_R New Footprint=0603_R
Change Physical Footprint: Designator=R12 Old Footprint=0603_R New Footprint=0603_R
Change Physical Footprint: Designator=R13 Old Footprint=0603_R New Footprint=0603_R
Change Physical Footprint: Designator=R14 Old Footprint=0603_R New Footprint=0603_R
Change Physical Footprint: Designator=R20 Old Footprint=0603_R New Footprint=0603_R
Change Physical Footprint: Designator=R21 Old Footprint=0603_R New Footprint=0603_R
Change Physical Footprint: Designator=R22 Old Footprint=0603_R New Footprint=0603_R
Change Physical Footprint: Designator=R23 Old Footprint=0603_R New Footprint=0603_R
Change Physical Footprint: Designator=R24 Old Footprint=0603_R New Footprint=0603_R
Change Physical Footprint: Designator=R25 Old Footprint=0603_R New Footprint=0603_R
Change Physical Footprint: Designator=R26 Old Footprint=2512 New Footprint=2512
Change Physical Footprint: Designator=R27 Old Footprint=2512 New Footprint=2512
Change Physical Footprint: Designator=R28 Old Footprint=2512 New Footprint=2512
Change Physical Footprint: Designator=R31 Old Footprint=0603_R New Footprint=0603_R
Change Physical Footprint: Designator=R32 Old Footprint=0603_R New Footprint=0603_R
Change Physical Footprint: Designator=R33 Old Footprint=0603_R New Footprint=0603_R
Change Physical Footprint: Designator=R34 Old Footprint=0603_R New Footprint=0603_R
Change Physical Footprint: Designator=R35 Old Footprint=0603_R New Footprint=0603_R
Change Physical Footprint: Designator=R36 Old Footprint=0603_R New Footprint=0603_R
Change Physical Footprint: Designator=R37 Old Footprint=0603_R New Footprint=0603_R
Change Physical Footprint: Designator=R38 Old Footprint=0603_R New Footprint=0603_R
Change Physical Footprint: Designator=R44 Old Footprint=0603_R New Footprint=0603_R
Change Physical Footprint: Designator=R45 Old Footprint=0603_R New Footprint=0603_R
Change Physical Footprint: Designator=R46 Old Footprint=0603_R New Footprint=0603_R
Change Physical Footprint: Designator=R47 Old Footprint=0603_R New Footprint=0603_R
Change Physical Footprint: Designator=R48 Old Footprint=0603_R New Footprint=0603_R
Change Physical Footprint: Designator=R54 Old Footprint=0603_R New Footprint=0603_R
Change Physical Footprint: Designator=R55 Old Footprint=0603_R New Footprint=0603_R
Change Physical Footprint: Designator=R56 Old Footprint=0603_R New Footprint=0603_R
Change Physical Footprint: Designator=R57 Old Footprint=0603_R New Footprint=0603_R
Change Physical Footprint: Designator=R58 Old Footprint=0603_R New Footprint=0603_R
Change Physical Footprint: Designator=R60 Old Footprint=0603_R New Footprint=0603_R
Change Physical Footprint: Designator=R70 Old Footprint=0603_R New Footprint=0603_R
Change Physical Footprint: Designator=R71 Old Footprint=0603_R New Footprint=0603_R
Change Physical Footprint: Designator=R72 Old Footprint=0603_R New Footprint=0603_R
Change Physical Footprint: Designator=R73 Old Footprint=0603_R New Footprint=0603_R
Change Physical Footprint: Designator=R77 Old Footprint=0603_R New Footprint=0603_R
Change Physical Footprint: Designator=R78 Old Footprint=0603_R New Footprint=0603_R
Change Physical Footprint: Designator=R79 Old Footprint=0603_R New Footprint=0603_R
Change Physical Footprint: Designator=R81 Old Footprint=0603_R New Footprint=0603_R
Change Physical Footprint: Designator=R85 Old Footprint=0603_R New Footprint=0603_R
Change Physical Footprint: Designator=R86 Old Footprint=0603_R New Footprint=0603_R
Change Physical Footprint: Designator=R87 Old Footprint=0603_R New Footprint=0603_R
Change Physical Footprint: Designator=R88 Old Footprint=0603_R New Footprint=0603_R
Change Physical Footprint: Designator=R89 Old Footprint=0603_R New Footprint=0603_R
Change Physical Footprint: Designator=R90 Old Footprint=0603_R New Footprint=0603_R
Change Physical Footprint: Designator=R91 Old Footprint=0603_R New Footprint=0603_R
Change Physical Footprint: Designator=R92 Old Footprint=0603_R New Footprint=0603_R
Change Physical Footprint: Designator=R93 Old Footprint=0603_R New Footprint=0603_R
Change Physical Footprint: Designator=R94 Old Footprint=0603_R New Footprint=0603_R
Change Physical Footprint: Designator=R95 Old Footprint=0603_R New Footprint=0603_R
Change Physical Footprint: Designator=R96 Old Footprint=0603_R New Footprint=0603_R
Change Physical Footprint: Designator=R97 Old Footprint=0603_R New Footprint=0603_R
Change Physical Footprint: Designator=R98 Old Footprint=0603_R New Footprint=0603_R
Change Physical Footprint: Designator=R99 Old Footprint=0603_R New Footprint=0603_R
Change Physical Footprint: Designator=R100 Old Footprint=0603_R New Footprint=0603_R
Change Physical Footprint: Designator=R101 Old Footprint=0603_R New Footprint=0603_R
Change Physical Footprint: Designator=R102 Old Footprint=0603_R New Footprint=0603_R
Change Physical Footprint: Designator=R103 Old Footprint=0603_R New Footprint=0603_R
Change Physical Footprint: Designator=R104 Old Footprint=0603_R New Footprint=0603_R
Change Physical Footprint: Designator=Renb Old Footprint=0603_R New Footprint=0603_R
Change Physical Footprint: Designator=Rent Old Footprint=0603_R New Footprint=0603_R
Change Physical Footprint: Designator=Rfbb Old Footprint=0603_R New Footprint=0603_R
Change Physical Footprint: Designator=Rfbt Old Footprint=0603_R New Footprint=0603_R
Change Physical Footprint: Designator=Ron Old Footprint=0603_R New Footprint=0603_R
Change Physical Footprint: Designator=Rp1 Old Footprint=0603_Rx4 New Footprint=0603_Rx4
Change Physical Footprint: Designator=Rp2 Old Footprint=0603_Rx4 New Footprint=0603_Rx4
Change Physical Footprint: Designator=Rp3 Old Footprint=0603_Rx4 New Footprint=0603_Rx4
Change Physical Footprint: Designator=Rp4 Old Footprint=0603_Rx4 New Footprint=0603_Rx4
Change Physical Footprint: Designator=Rp5 Old Footprint=0603_Rx4 New Footprint=0603_Rx4
Change Physical Footprint: Designator=T1 Old Footprint=DO214 SS12 New Footprint=DO214 SS12
Change Physical Footprint: Designator=tp1 Old Footprint=testPoint New Footprint=testPoint
Change Physical Footprint: Designator=tp2 Old Footprint=testPoint New Footprint=testPoint
Change Physical Footprint: Designator=tp3 Old Footprint=testPoint New Footprint=testPoint
Change Physical Footprint: Designator=U1 Old Footprint=LMZ14201H New Footprint=LMZ14201H
Change Physical Footprint: Designator=U2 Old Footprint=SOIC8 New Footprint=SOIC8
Change Physical Footprint: Designator=U3 Old Footprint=SOT-223 LM1117-3.3 New Footprint=SOT-223 LM1117-3.3
Change Physical Footprint: Designator=U4 Old Footprint=SOT-23(SOT-23-3) New Footprint=SOT-23(SOT-23-3)
Change Physical Footprint: Designator=U5 Old Footprint=SOT-23(SOT-23-3) New Footprint=SOT-23(SOT-23-3)
Change Physical Footprint: Designator=U6 Old Footprint=SOT-23(SOT-23-3) New Footprint=SOT-23(SOT-23-3)
Change Physical Footprint: Designator=U7 Old Footprint=SOT-23(SOT-23-3) New Footprint=SOT-23(SOT-23-3)
Change Physical Footprint: Designator=U8 Old Footprint=5Lead SC70 New Footprint=5Lead SC70
Change Physical Footprint: Designator=U10 Old Footprint=28-Lead SOIC(wide body) New Footprint=28-Lead SOIC(wide body)
Change Physical Footprint: Designator=U11 Old Footprint=SOP-8 New Footprint=SOP-8
Change Physical Footprint: Designator=U12 Old Footprint=SOP-8 New Footprint=SOP-8
Change Physical Footprint: Designator=U13 Old Footprint=SOP-8 New Footprint=SOP-8
Change Physical Footprint: Designator=U14 Old Footprint=SOP-8 New Footprint=SOP-8
Change Physical Footprint: Designator=U15 Old Footprint=SOP_4.85mm New Footprint=SOP_4.85mm
Change Physical Footprint: Designator=U16 Old Footprint=SOP_4.85mm New Footprint=SOP_4.85mm
Change Physical Footprint: Designator=U17 Old Footprint=SOP_4.85mm New Footprint=SOP_4.85mm
Change Physical Footprint: Designator=U18 Old Footprint=TSSOP 16PIN New Footprint=TSSOP 16PIN
Change Physical Footprint: Designator=U19 Old Footprint=TSSOP 16PIN New Footprint=TSSOP 16PIN
Change Physical Footprint: Designator=U20 Old Footprint=SOT-23(SOT-23-3) New Footprint=SOT-23(SOT-23-3)
Change Physical Footprint: Designator=U21 Old Footprint=TQ2SA New Footprint=TQ2SA
Change Physical Footprint: Designator=U22 Old Footprint=SOP-8 New Footprint=SOP-8
Change Physical Footprint: Designator=U23 Old Footprint=SOP-8 New Footprint=SOP-8
Change Physical Footprint: Designator=U24 Old Footprint=SOT-23(SOT-23-3) New Footprint=SOT-23(SOT-23-3)
Change Physical Footprint: Designator=U25 Old Footprint=SOT-23(SOT-23-3) New Footprint=SOT-23(SOT-23-3)
Change Physical Footprint: Designator=U26 Old Footprint=SOP-8 New Footprint=SOP-8
Change Physical Footprint: Designator=U27 Old Footprint=SOP-8 New Footprint=SOP-8
Change Physical Footprint: Designator=U28 Old Footprint=SOT-23(SOT-23-3) New Footprint=SOT-23(SOT-23-3)
Change Physical Footprint: Designator=U29 Old Footprint=SOT-23(SOT-23-3) New Footprint=SOT-23(SOT-23-3)
Change Physical Footprint: Designator=Vin_I Old Footprint=2P 5mm New Footprint=2P 5mm
Change Physical Footprint: Designator=Vin_II Old Footprint=2P 5mm New Footprint=2P 5mm
Change Physical Footprint: Designator=Y1 Old Footprint=XTAL CPX53GB New Footprint=XTAL CPX53GB
