Removed Pin From Net: NetName=HIN2 Pin=Rp4-1
Removed Pin From Net: NetName=LIN3 Pin=Rp4-3
Removed Pin From Net: NetName=LIN1 Pin=Rp5-1
Removed Pin From Net: NetName=LIN2 Pin=Rp5-2
Removed Pin From Net: NetName=FAULT Pin=Rp5-3
Removed Pin From Net: NetName=EN Pin=Rp5-4
Removed Pin From Net: NetName=5V Pin=U15-1
Removed Pin From Net: NetName=NetC31_2 Pin=U15-2
Removed Pin From Net: NetName=NetC31_1 Pin=U15-3
Removed Pin From Net: NetName=A_GND Pin=U15-4
Removed Pin From Net: NetName=3V3_A_GND Pin=U15-5
Removed Pin From Net: NetName=NetR37_1 Pin=U15-6
Removed Pin From Net: NetName=NetR36_1 Pin=U15-7
Removed Pin From Net: NetName=3V3_A Pin=U15-8
Added Pin To Net: NetName=LIN1 Pin=Rp4-1
Added Pin To Net: NetName=HIN2 Pin=Rp4-3
Added Pin To Net: NetName=FAULT Pin=Rp5-1
Added Pin To Net: NetName=EN Pin=Rp5-2
Added Pin To Net: NetName=LIN3 Pin=Rp5-3
Added Pin To Net: NetName=LIN2 Pin=Rp5-4
Added Pin To Net: NetName=5V Pin=U15-1
Added Pin To Net: NetName=NetC31_2 Pin=U15-2
Added Pin To Net: NetName=NetC31_1 Pin=U15-3
Added Pin To Net: NetName=A_GND Pin=U15-4
Added Pin To Net: NetName=3V3_A_GND Pin=U15-5
Added Pin To Net: NetName=NetR37_1 Pin=U15-6
Added Pin To Net: NetName=NetR36_1 Pin=U15-7
Added Pin To Net: NetName=3V3_A Pin=U15-8
